<?xml version="1.0" encoding="UTF-8"?>
<!-- Generated by org.testng.reporters.JUnitXMLReporter -->
<testsuite ignored="2" hostname="FEUJI-V005D" failures="0" tests="1" name="Default test" time="10.382" errors="0" timestamp="2024-01-19T17:52:59 IST">
  <testcase classname="orangehrmselenium.tests.OrangeHrmTest" name="isforgotPasswordPageClickable" time="1.825"/>
  <testcase classname="orangehrmselenium.tests.OrangeHrmTest" name="addUser" time="0.0">
    <ignored/>
  </testcase> <!-- addUser -->
  <testcase classname="orangehrmselenium.tests.OrangeHrmTest" name="login" time="0.0">
    <ignored/>
  </testcase> <!-- login -->
</testsuite> <!-- Default test -->
